2017-10-12 20:01:41,117 [INFO] from application in play-dev-mode-akka.actor.default-dispatcher-2 - Creating Pool for datasource 'default'
2017-10-12 20:01:41,133 [INFO] from com.zaxxer.hikari.HikariDataSource in play-dev-mode-akka.actor.default-dispatcher-2 - HikariPool-1 - Starting...
2017-10-12 20:01:41,488 [INFO] from com.zaxxer.hikari.HikariDataSource in play-dev-mode-akka.actor.default-dispatcher-2 - HikariPool-1 - Start completed.
2017-10-12 20:01:41,502 [INFO] from play.api.db.DefaultDBApi in play-dev-mode-akka.actor.default-dispatcher-2 - Database [default] connected at jdbc:mysql://localhost:3306/playtest?characterEncoding=UTF8&useSSL=false
2017-10-12 20:01:41,747 [INFO] from akka.event.slf4j.Slf4jLogger in application-akka.actor.default-dispatcher-2 - Slf4jLogger started
2017-10-12 20:01:41,867 [INFO] from play.api.http.EnabledFilters in play-dev-mode-akka.actor.default-dispatcher-2 - Enabled Filters (see <https://www.playframework.com/documentation/latest/Filters>):


2017-10-12 20:01:41,874 [INFO] from play.api.Play in play-dev-mode-akka.actor.default-dispatcher-2 - Application started (Dev)
2017-10-12 20:02:06,869 [INFO] from application in play-dev-mode-akka.actor.default-dispatcher-2 - Shutting down connection pool.
2017-10-12 20:02:06,870 [INFO] from com.zaxxer.hikari.HikariDataSource in play-dev-mode-akka.actor.default-dispatcher-2 - HikariPool-1 - Shutdown initiated...
2017-10-12 20:02:06,878 [INFO] from com.zaxxer.hikari.HikariDataSource in play-dev-mode-akka.actor.default-dispatcher-2 - HikariPool-1 - Shutdown completed.
2017-10-12 20:02:06,936 [INFO] from application in play-dev-mode-akka.actor.default-dispatcher-2 - Creating Pool for datasource 'default'
2017-10-12 20:02:06,937 [INFO] from com.zaxxer.hikari.HikariDataSource in play-dev-mode-akka.actor.default-dispatcher-2 - HikariPool-2 - Starting...
2017-10-12 20:02:06,939 [INFO] from com.zaxxer.hikari.HikariDataSource in play-dev-mode-akka.actor.default-dispatcher-2 - HikariPool-2 - Start completed.
2017-10-12 20:02:06,940 [INFO] from play.api.db.DefaultDBApi in play-dev-mode-akka.actor.default-dispatcher-2 - Database [default] connected at jdbc:mysql://localhost:3306/playtest?characterEncoding=UTF8&useSSL=false
2017-10-12 20:02:06,989 [INFO] from akka.event.slf4j.Slf4jLogger in application-akka.actor.default-dispatcher-2 - Slf4jLogger started
2017-10-12 20:02:07,002 [INFO] from play.api.http.EnabledFilters in play-dev-mode-akka.actor.default-dispatcher-2 - Enabled Filters (see <https://www.playframework.com/documentation/latest/Filters>):


2017-10-12 20:02:07,002 [INFO] from play.api.Play in play-dev-mode-akka.actor.default-dispatcher-2 - Application started (Dev)
2017-10-12 20:02:13,547 [INFO] from application in play-dev-mode-akka.actor.default-dispatcher-2 - Shutting down connection pool.
2017-10-12 20:02:13,547 [INFO] from com.zaxxer.hikari.HikariDataSource in play-dev-mode-akka.actor.default-dispatcher-2 - HikariPool-2 - Shutdown initiated...
2017-10-12 20:02:13,551 [INFO] from com.zaxxer.hikari.HikariDataSource in play-dev-mode-akka.actor.default-dispatcher-2 - HikariPool-2 - Shutdown completed.
2017-10-12 20:02:13,602 [INFO] from application in play-dev-mode-akka.actor.default-dispatcher-2 - Creating Pool for datasource 'default'
2017-10-12 20:02:13,603 [INFO] from com.zaxxer.hikari.HikariDataSource in play-dev-mode-akka.actor.default-dispatcher-2 - HikariPool-3 - Starting...
2017-10-12 20:02:13,607 [INFO] from com.zaxxer.hikari.HikariDataSource in play-dev-mode-akka.actor.default-dispatcher-2 - HikariPool-3 - Start completed.
2017-10-12 20:02:13,607 [INFO] from play.api.db.DefaultDBApi in play-dev-mode-akka.actor.default-dispatcher-2 - Database [default] connected at jdbc:mysql://localhost:3306/playtest?characterEncoding=UTF8&useSSL=false
2017-10-12 20:02:13,656 [INFO] from akka.event.slf4j.Slf4jLogger in application-akka.actor.default-dispatcher-3 - Slf4jLogger started
2017-10-12 20:02:13,669 [INFO] from play.api.http.EnabledFilters in play-dev-mode-akka.actor.default-dispatcher-2 - Enabled Filters (see <https://www.playframework.com/documentation/latest/Filters>):


2017-10-12 20:02:13,669 [INFO] from play.api.Play in play-dev-mode-akka.actor.default-dispatcher-2 - Application started (Dev)
2017-10-12 20:02:17,154 [INFO] from application in play-dev-mode-akka.actor.default-dispatcher-2 - Shutting down connection pool.
2017-10-12 20:02:17,154 [INFO] from com.zaxxer.hikari.HikariDataSource in play-dev-mode-akka.actor.default-dispatcher-2 - HikariPool-3 - Shutdown initiated...
2017-10-12 20:02:17,157 [INFO] from com.zaxxer.hikari.HikariDataSource in play-dev-mode-akka.actor.default-dispatcher-2 - HikariPool-3 - Shutdown completed.
2017-10-12 20:02:17,222 [INFO] from application in play-dev-mode-akka.actor.default-dispatcher-2 - Creating Pool for datasource 'default'
2017-10-12 20:02:17,223 [INFO] from com.zaxxer.hikari.HikariDataSource in play-dev-mode-akka.actor.default-dispatcher-2 - HikariPool-4 - Starting...
2017-10-12 20:02:17,226 [INFO] from com.zaxxer.hikari.HikariDataSource in play-dev-mode-akka.actor.default-dispatcher-2 - HikariPool-4 - Start completed.
2017-10-12 20:02:17,227 [INFO] from play.api.db.DefaultDBApi in play-dev-mode-akka.actor.default-dispatcher-2 - Database [default] connected at jdbc:mysql://localhost:3306/playtest?characterEncoding=UTF8&useSSL=false
2017-10-12 20:02:17,294 [INFO] from akka.event.slf4j.Slf4jLogger in application-akka.actor.default-dispatcher-2 - Slf4jLogger started
2017-10-12 20:02:17,309 [INFO] from play.api.http.EnabledFilters in play-dev-mode-akka.actor.default-dispatcher-2 - Enabled Filters (see <https://www.playframework.com/documentation/latest/Filters>):


2017-10-12 20:02:17,309 [INFO] from play.api.Play in play-dev-mode-akka.actor.default-dispatcher-2 - Application started (Dev)
2017-10-12 20:02:26,680 [INFO] from application in play-dev-mode-akka.actor.default-dispatcher-3 - Shutting down connection pool.
2017-10-12 20:02:26,681 [INFO] from com.zaxxer.hikari.HikariDataSource in play-dev-mode-akka.actor.default-dispatcher-3 - HikariPool-4 - Shutdown initiated...
2017-10-12 20:02:26,683 [INFO] from com.zaxxer.hikari.HikariDataSource in play-dev-mode-akka.actor.default-dispatcher-3 - HikariPool-4 - Shutdown completed.
2017-10-12 20:02:26,736 [INFO] from application in play-dev-mode-akka.actor.default-dispatcher-3 - Creating Pool for datasource 'default'
2017-10-12 20:02:26,736 [INFO] from com.zaxxer.hikari.HikariDataSource in play-dev-mode-akka.actor.default-dispatcher-3 - HikariPool-5 - Starting...
2017-10-12 20:02:26,738 [INFO] from com.zaxxer.hikari.HikariDataSource in play-dev-mode-akka.actor.default-dispatcher-3 - HikariPool-5 - Start completed.
2017-10-12 20:02:26,739 [INFO] from play.api.db.DefaultDBApi in play-dev-mode-akka.actor.default-dispatcher-3 - Database [default] connected at jdbc:mysql://localhost:3306/playtest?characterEncoding=UTF8&useSSL=false
2017-10-12 20:02:26,785 [INFO] from akka.event.slf4j.Slf4jLogger in application-akka.actor.default-dispatcher-6 - Slf4jLogger started
2017-10-12 20:02:26,797 [INFO] from play.api.http.EnabledFilters in play-dev-mode-akka.actor.default-dispatcher-3 - Enabled Filters (see <https://www.playframework.com/documentation/latest/Filters>):


2017-10-12 20:02:26,798 [INFO] from play.api.Play in play-dev-mode-akka.actor.default-dispatcher-3 - Application started (Dev)
2017-10-12 20:02:34,632 [INFO] from application in play-dev-mode-akka.actor.default-dispatcher-3 - Shutting down connection pool.
2017-10-12 20:02:34,632 [INFO] from com.zaxxer.hikari.HikariDataSource in play-dev-mode-akka.actor.default-dispatcher-3 - HikariPool-5 - Shutdown initiated...
2017-10-12 20:02:34,634 [INFO] from com.zaxxer.hikari.HikariDataSource in play-dev-mode-akka.actor.default-dispatcher-3 - HikariPool-5 - Shutdown completed.
2017-10-12 20:02:34,688 [INFO] from application in play-dev-mode-akka.actor.default-dispatcher-3 - Creating Pool for datasource 'default'
2017-10-12 20:02:34,689 [INFO] from com.zaxxer.hikari.HikariDataSource in play-dev-mode-akka.actor.default-dispatcher-3 - HikariPool-6 - Starting...
2017-10-12 20:02:34,693 [INFO] from com.zaxxer.hikari.HikariDataSource in play-dev-mode-akka.actor.default-dispatcher-3 - HikariPool-6 - Start completed.
2017-10-12 20:02:34,693 [INFO] from play.api.db.DefaultDBApi in play-dev-mode-akka.actor.default-dispatcher-3 - Database [default] connected at jdbc:mysql://localhost:3306/playtest?characterEncoding=UTF8&useSSL=false
2017-10-12 20:02:34,747 [INFO] from akka.event.slf4j.Slf4jLogger in application-akka.actor.default-dispatcher-4 - Slf4jLogger started
2017-10-12 20:02:34,757 [INFO] from play.api.http.EnabledFilters in play-dev-mode-akka.actor.default-dispatcher-3 - Enabled Filters (see <https://www.playframework.com/documentation/latest/Filters>):


2017-10-12 20:02:34,758 [INFO] from play.api.Play in play-dev-mode-akka.actor.default-dispatcher-3 - Application started (Dev)
